<?xml version="1.0" encoding="UTF-8"?>
<!-- Generated by org.testng.reporters.JUnitReportReporter -->
<testsuite hostname="AZ-HYD-LPT-04" failures="0" tests="2" name="TestCases.TC_001" time="1.293" errors="0" timestamp="2024-07-24T15:15:05 IST" skipped="0">
  <testcase classname="TestCases.TC_001" name="name" time="0.638"/>
  <testcase classname="TestCases.TC_001" name="name" time="0.655"/>
</testsuite> <!-- TestCases.TC_001 -->
