<?xml version="1.0" encoding="UTF-8"?>
<!-- Generated by org.testng.reporters.JUnitReportReporter -->
<testsuite hostname="AZ-HYD-LPT-04" failures="0" tests="2" name="TestCases.TC_002" time="0.658" errors="0" timestamp="2024-07-24T15:15:05 IST" skipped="0">
  <testcase classname="TestCases.TC_002" name="Login" time="0.234"/>
  <testcase classname="TestCases.TC_002" name="Add_To_Cart" time="0.424"/>
</testsuite> <!-- TestCases.TC_002 -->
